Arguments: 
  C:\Program Files\nodejs\node.exe C:\Users\kgaikj2cu\AppData\Roaming\npm\node_modules\yarn\bin\yarn.js add --dev webpack webpack-dev-server css-loader style-loader stylus-loader babel-loader postcss-loader babel-preset-es2015 babel-preset-stage-3 babel-preset-react babel-core babel-plugin-transform-runtime html-loader stylus autoprefixer

PATH: 
  C:\WINDOWS\system32;C:\WINDOWS;C:\WINDOWS\System32\Wbem;C:\WINDOWS\System32\WindowsPowerShell\v1.0\;D:\mongodb\bin;C:\Python27;C:\Python27\Scripts;C:\Program Files\Git\cmd;D:\nginx\nginx-1.11.10;D:\apche\wamp\bin\php\php5.4.12;C:\Program Files\nodejs\;C:\Users\kgaikj2cu\AppData\Local\Microsoft\WindowsApps;C:\Users\kgaikj2cu\AppData\Roaming\npm;C:\Program Files (x86)\Microsoft VS Code\bin

Yarn version: 
  0.21.3

Node version: 
  7.7.1

Platform: 
  win32 x64

npm manifest: 
  {
    "name": "webpack-cli",
    "version": "1.0.0",
    "main": "index.js",
    "author": "zfk",
    "license": "MIT"
  }

yarn manifest: 
  No manifest

Lockfile: 
  No lockfile

Trace: 
  Error: connect ETIMEDOUT 104.16.62.173:443
      at Object.exports._errnoException (util.js:1029:11)
      at exports._exceptionWithHostPort (util.js:1052:20)
      at TCPConnectWrap.afterConnect [as oncomplete] (net.js:1093:14)
